Epoch 1
-------------------------------
loss: 1.089004  [  128/269103]
loss: 0.899912  [65664/269103]
loss: 0.880926  [131200/269103]
loss: 0.833055  [196736/269103]
loss: 0.852879  [262272/269103]
Test Error: 
 Accuracy: 60.2%, Avg loss: 0.848439 
Epoch 2
-------------------------------
loss: 0.869328  [  128/269103]
loss: 0.831159  [65664/269103]
loss: 0.833401  [131200/269103]
loss: 0.850345  [196736/269103]
loss: 0.827487  [262272/269103]
Test Error: 
 Accuracy: 60.7%, Avg loss: 0.838097 
Epoch 3
-------------------------------
loss: 0.878091  [  128/269103]
loss: 0.820774  [65664/269103]
loss: 0.862607  [131200/269103]
loss: 0.841302  [196736/269103]
loss: 0.798916  [262272/269103]
Test Error: 
 Accuracy: 60.9%, Avg loss: 0.832215 
Epoch 4
-------------------------------
loss: 0.882650  [  128/269103]
loss: 0.807618  [65664/269103]
loss: 0.862458  [131200/269103]
loss: 0.840444  [196736/269103]
loss: 0.782282  [262272/269103]
Test Error: 
 Accuracy: 61.4%, Avg loss: 0.826409 
Epoch 5
-------------------------------
loss: 0.885089  [  128/269103]
loss: 0.802292  [65664/269103]
loss: 0.850631  [131200/269103]
loss: 0.847439  [196736/269103]
loss: 0.798332  [262272/269103]
Test Error: 
 Accuracy: 61.3%, Avg loss: 0.822745 
Epoch 6
-------------------------------
loss: 0.859219  [  128/269103]
loss: 0.795941  [65664/269103]
loss: 0.859042  [131200/269103]
loss: 0.821836  [196736/269103]
loss: 0.783425  [262272/269103]
Test Error: 
 Accuracy: 61.7%, Avg loss: 0.819302 
Epoch 7
-------------------------------
loss: 0.884471  [  128/269103]
loss: 0.816723  [65664/269103]
loss: 0.856488  [131200/269103]
loss: 0.813547  [196736/269103]
loss: 0.806526  [262272/269103]
Test Error: 
 Accuracy: 61.6%, Avg loss: 0.817171 
Epoch 8
-------------------------------
loss: 0.860934  [  128/269103]
loss: 0.780182  [65664/269103]
loss: 0.839976  [131200/269103]
loss: 0.810592  [196736/269103]
loss: 0.804438  [262272/269103]
Test Error: 
 Accuracy: 61.7%, Avg loss: 0.815489 
Epoch 9
-------------------------------
loss: 0.876607  [  128/269103]
loss: 0.765944  [65664/269103]
loss: 0.826821  [131200/269103]
loss: 0.832718  [196736/269103]
loss: 0.801809  [262272/269103]
Test Error: 
 Accuracy: 61.9%, Avg loss: 0.813058 
Epoch 10
-------------------------------
loss: 0.861403  [  128/269103]
loss: 0.785981  [65664/269103]
loss: 0.852839  [131200/269103]
loss: 0.812223  [196736/269103]
loss: 0.778604  [262272/269103]
Test Error: 
 Accuracy: 62.3%, Avg loss: 0.810121 
Epoch 11
-------------------------------
loss: 0.861928  [  128/269103]
loss: 0.778025  [65664/269103]
loss: 0.820884  [131200/269103]
loss: 0.810952  [196736/269103]
loss: 0.782967  [262272/269103]
Test Error: 
 Accuracy: 62.2%, Avg loss: 0.808701 
Epoch 12
-------------------------------
loss: 0.847835  [  128/269103]
loss: 0.787878  [65664/269103]
loss: 0.830950  [131200/269103]
loss: 0.835163  [196736/269103]
loss: 0.775040  [262272/269103]
Test Error: 
 Accuracy: 62.1%, Avg loss: 0.806427 
Epoch 13
-------------------------------
loss: 0.863354  [  128/269103]
loss: 0.791943  [65664/269103]
loss: 0.831019  [131200/269103]
loss: 0.818919  [196736/269103]
loss: 0.773296  [262272/269103]
Test Error: 
 Accuracy: 62.2%, Avg loss: 0.804411 
Epoch 14
-------------------------------
loss: 0.865962  [  128/269103]
loss: 0.768109  [65664/269103]
loss: 0.840551  [131200/269103]
loss: 0.806983  [196736/269103]
loss: 0.794782  [262272/269103]
Test Error: 
 Accuracy: 62.2%, Avg loss: 0.803125 
Epoch 15
-------------------------------
loss: 0.853017  [  128/269103]
loss: 0.761612  [65664/269103]
loss: 0.796204  [131200/269103]
loss: 0.806587  [196736/269103]
loss: 0.782792  [262272/269103]
Test Error: 
 Accuracy: 62.3%, Avg loss: 0.802375 
Epoch 16
-------------------------------
loss: 0.840544  [  128/269103]
loss: 0.768400  [65664/269103]
loss: 0.831836  [131200/269103]
loss: 0.830057  [196736/269103]
loss: 0.778164  [262272/269103]
Test Error: 
 Accuracy: 62.3%, Avg loss: 0.801137 
Epoch 17
-------------------------------
loss: 0.849435  [  128/269103]
loss: 0.756630  [65664/269103]
loss: 0.831152  [131200/269103]
loss: 0.811024  [196736/269103]
loss: 0.780931  [262272/269103]
Test Error: 
 Accuracy: 62.7%, Avg loss: 0.798774 
Epoch 18
-------------------------------
loss: 0.859649  [  128/269103]
loss: 0.758645  [65664/269103]
loss: 0.833413  [131200/269103]
loss: 0.817403  [196736/269103]
loss: 0.783443  [262272/269103]
Test Error: 
 Accuracy: 62.8%, Avg loss: 0.797235 
Epoch 19
-------------------------------
loss: 0.861437  [  128/269103]
loss: 0.752029  [65664/269103]
loss: 0.824750  [131200/269103]
loss: 0.811169  [196736/269103]
loss: 0.774836  [262272/269103]
Test Error: 
 Accuracy: 62.9%, Avg loss: 0.796344 
Epoch 20
-------------------------------
loss: 0.828018  [  128/269103]
loss: 0.747908  [65664/269103]
loss: 0.797612  [131200/269103]
loss: 0.783838  [196736/269103]
loss: 0.799433  [262272/269103]
Test Error: 
 Accuracy: 62.7%, Avg loss: 0.794524 
Epoch 21
-------------------------------
loss: 0.828777  [  128/269103]
loss: 0.784563  [65664/269103]
loss: 0.818680  [131200/269103]
loss: 0.811089  [196736/269103]
loss: 0.772633  [262272/269103]
Test Error: 
 Accuracy: 62.8%, Avg loss: 0.793882 
Epoch 22
-------------------------------
loss: 0.839069  [  128/269103]
loss: 0.777112  [65664/269103]
loss: 0.828963  [131200/269103]
loss: 0.818362  [196736/269103]
loss: 0.786647  [262272/269103]
Test Error: 
 Accuracy: 62.9%, Avg loss: 0.792648 
Epoch 23
-------------------------------
loss: 0.833960  [  128/269103]
loss: 0.767024  [65664/269103]
loss: 0.804666  [131200/269103]
loss: 0.820670  [196736/269103]
loss: 0.786082  [262272/269103]
Test Error: 
 Accuracy: 62.9%, Avg loss: 0.791149 
Epoch 24
-------------------------------
loss: 0.839053  [  128/269103]
loss: 0.740365  [65664/269103]
loss: 0.816606  [131200/269103]
loss: 0.800330  [196736/269103]
loss: 0.780538  [262272/269103]
Test Error: 
 Accuracy: 62.9%, Avg loss: 0.790101 
Epoch 25
-------------------------------
loss: 0.848882  [  128/269103]
loss: 0.765436  [65664/269103]
loss: 0.819180  [131200/269103]
loss: 0.827658  [196736/269103]
loss: 0.786144  [262272/269103]
Test Error: 
 Accuracy: 63.0%, Avg loss: 0.789548 
Epoch 26
-------------------------------
loss: 0.830396  [  128/269103]
loss: 0.760373  [65664/269103]
loss: 0.821052  [131200/269103]
loss: 0.800854  [196736/269103]
loss: 0.781060  [262272/269103]
Test Error: 
 Accuracy: 63.0%, Avg loss: 0.788498 
Epoch 27
-------------------------------
loss: 0.852644  [  128/269103]
loss: 0.756002  [65664/269103]
loss: 0.830441  [131200/269103]
loss: 0.800428  [196736/269103]
loss: 0.753705  [262272/269103]
Test Error: 
 Accuracy: 63.1%, Avg loss: 0.787131 
Epoch 28
-------------------------------
loss: 0.842752  [  128/269103]
loss: 0.748214  [65664/269103]
loss: 0.816053  [131200/269103]
loss: 0.798757  [196736/269103]
loss: 0.778188  [262272/269103]
Test Error: 
 Accuracy: 63.2%, Avg loss: 0.786292 
Epoch 29
-------------------------------
loss: 0.846841  [  128/269103]
loss: 0.736949  [65664/269103]
loss: 0.800452  [131200/269103]
loss: 0.818073  [196736/269103]
loss: 0.776728  [262272/269103]
Test Error: 
 Accuracy: 63.2%, Avg loss: 0.785088 
Epoch 30
-------------------------------
loss: 0.845030  [  128/269103]
loss: 0.745663  [65664/269103]
loss: 0.800575  [131200/269103]
loss: 0.802533  [196736/269103]
loss: 0.785887  [262272/269103]
Test Error: 
 Accuracy: 63.5%, Avg loss: 0.783048 
Epoch 31
-------------------------------
loss: 0.814224  [  128/269103]
loss: 0.708316  [65664/269103]
loss: 0.796391  [131200/269103]
loss: 0.785591  [196736/269103]
loss: 0.793142  [262272/269103]
Test Error: 
 Accuracy: 63.3%, Avg loss: 0.784433 
Epoch 32
-------------------------------
loss: 0.831912  [  128/269103]
loss: 0.743389  [65664/269103]
loss: 0.808274  [131200/269103]
loss: 0.793290  [196736/269103]
loss: 0.791791  [262272/269103]
Test Error: 
 Accuracy: 63.3%, Avg loss: 0.783292 
Epoch 33
-------------------------------
loss: 0.824710  [  128/269103]
