Epoch 1
-------------------------------
loss: 1.100814  [  128/188831]
loss: 0.909277  [65664/188831]
loss: 0.843159  [131200/188831]
Test Error: 
 Accuracy: 64.0%, Avg loss: 0.809804 
Epoch 2
-------------------------------
loss: 0.793662  [  128/188831]
loss: 0.856873  [65664/188831]
loss: 0.834870  [131200/188831]
Test Error: 
 Accuracy: 64.4%, Avg loss: 0.797079 
Epoch 3
-------------------------------
loss: 0.803724  [  128/188831]
loss: 0.856695  [65664/188831]
loss: 0.843227  [131200/188831]
Test Error: 
 Accuracy: 65.0%, Avg loss: 0.791527 
Epoch 4
-------------------------------
loss: 0.779094  [  128/188831]
loss: 0.865468  [65664/188831]
loss: 0.813097  [131200/188831]
Test Error: 
 Accuracy: 65.2%, Avg loss: 0.786973 
Epoch 5
-------------------------------
loss: 0.795318  [  128/188831]
loss: 0.841123  [65664/188831]
loss: 0.827916  [131200/188831]
Test Error: 
 Accuracy: 65.4%, Avg loss: 0.782512 
Epoch 6
-------------------------------
loss: 0.765775  [  128/188831]
loss: 0.832400  [65664/188831]
loss: 0.833392  [131200/188831]
Test Error: 
 Accuracy: 65.4%, Avg loss: 0.777999 
Epoch 7
-------------------------------
loss: 0.782677  [  128/188831]
loss: 0.857226  [65664/188831]
loss: 0.811169  [131200/188831]
Test Error: 
 Accuracy: 65.5%, Avg loss: 0.778851 
Epoch 8
-------------------------------
loss: 0.793794  [  128/188831]
loss: 0.843916  [65664/188831]
loss: 0.828210  [131200/188831]
Test Error: 
 Accuracy: 65.7%, Avg loss: 0.774908 
Epoch 9
-------------------------------
loss: 0.752542  [  128/188831]
loss: 0.833325  [65664/188831]
loss: 0.813256  [131200/188831]
Test Error: 
 Accuracy: 65.5%, Avg loss: 0.774909 
Epoch 10
-------------------------------
loss: 0.758153  [  128/188831]
loss: 0.838133  [65664/188831]
loss: 0.813128  [131200/188831]
Test Error: 
 Accuracy: 66.1%, Avg loss: 0.771227 
Epoch 11
-------------------------------
loss: 0.768352  [  128/188831]
loss: 0.844160  [65664/188831]
loss: 0.805153  [131200/188831]
Test Error: 
 Accuracy: 66.1%, Avg loss: 0.768574 
Epoch 12
-------------------------------
loss: 0.773870  [  128/188831]
loss: 0.832861  [65664/188831]
loss: 0.800710  [131200/188831]
Test Error: 
 Accuracy: 66.1%, Avg loss: 0.766940 
Epoch 13
-------------------------------
loss: 0.779288  [  128/188831]
loss: 0.818275  [65664/188831]
loss: 0.803412  [131200/188831]
Test Error: 
 Accuracy: 66.1%, Avg loss: 0.766483 
Epoch 14
-------------------------------
loss: 0.753806  [  128/188831]
loss: 0.825908  [65664/188831]
loss: 0.792021  [131200/188831]
Test Error: 
 Accuracy: 66.2%, Avg loss: 0.763844 
Epoch 15
-------------------------------
loss: 0.759281  [  128/188831]
loss: 0.809021  [65664/188831]
loss: 0.803273  [131200/188831]
Test Error: 
 Accuracy: 66.2%, Avg loss: 0.763513 
Epoch 16
-------------------------------
loss: 0.749129  [  128/188831]
loss: 0.805758  [65664/188831]
loss: 0.776617  [131200/188831]
Test Error: 
 Accuracy: 66.3%, Avg loss: 0.760965 
Epoch 17
-------------------------------
loss: 0.741760  [  128/188831]
loss: 0.806385  [65664/188831]
loss: 0.778721  [131200/188831]
Test Error: 
 Accuracy: 66.4%, Avg loss: 0.761217 
Epoch 18
-------------------------------
loss: 0.747363  [  128/188831]
loss: 0.817448  [65664/188831]
loss: 0.793166  [131200/188831]
Test Error: 
 Accuracy: 66.5%, Avg loss: 0.759993 
Epoch 19
-------------------------------
loss: 0.732729  [  128/188831]
loss: 0.819633  [65664/188831]
loss: 0.794705  [131200/188831]
Test Error: 
 Accuracy: 66.6%, Avg loss: 0.758407 
Epoch 20
-------------------------------
loss: 0.749032  [  128/188831]
loss: 0.826567  [65664/188831]
loss: 0.783110  [131200/188831]
Test Error: 
 Accuracy: 66.5%, Avg loss: 0.756953 
Epoch 21
-------------------------------
loss: 0.757605  [  128/188831]
loss: 0.816039  [65664/188831]
loss: 0.775402  [131200/188831]
Test Error: 
 Accuracy: 66.7%, Avg loss: 0.754214 
Epoch 22
-------------------------------
loss: 0.738946  [  128/188831]
loss: 0.822682  [65664/188831]
loss: 0.782571  [131200/188831]
Test Error: 
 Accuracy: 66.6%, Avg loss: 0.755502 
Epoch 23
-------------------------------
loss: 0.736131  [  128/188831]
loss: 0.807622  [65664/188831]
loss: 0.790809  [131200/188831]
Test Error: 
 Accuracy: 66.7%, Avg loss: 0.753838 
Epoch 24
-------------------------------
loss: 0.749640  [  128/188831]
loss: 0.822203  [65664/188831]
loss: 0.779669  [131200/188831]
Test Error: 
 Accuracy: 66.8%, Avg loss: 0.752184 
Epoch 25
-------------------------------
loss: 0.730569  [  128/188831]
loss: 0.827668  [65664/188831]
loss: 0.787414  [131200/188831]
Test Error: 
 Accuracy: 66.7%, Avg loss: 0.750927 
Epoch 26
-------------------------------
loss: 0.732404  [  128/188831]
loss: 0.816726  [65664/188831]
loss: 0.769738  [131200/188831]
Test Error: 
 Accuracy: 67.0%, Avg loss: 0.751400 
Epoch 27
-------------------------------
loss: 0.742890  [  128/188831]
loss: 0.831647  [65664/188831]
loss: 0.777104  [131200/188831]
Test Error: 
 Accuracy: 66.6%, Avg loss: 0.751419 
Epoch 28
-------------------------------
loss: 0.766474  [  128/188831]
loss: 0.811110  [65664/188831]
loss: 0.778956  [131200/188831]
Test Error: 
 Accuracy: 66.7%, Avg loss: 0.749070 
Epoch 29
-------------------------------
loss: 0.739566  [  128/188831]
loss: 0.809119  [65664/188831]
loss: 0.763381  [131200/188831]
Test Error: 
 Accuracy: 66.9%, Avg loss: 0.747947 
Epoch 30
-------------------------------
loss: 0.727094  [  128/188831]
loss: 0.808548  [65664/188831]
loss: 0.758618  [131200/188831]
Test Error: 
 Accuracy: 66.9%, Avg loss: 0.748848 
Epoch 31
-------------------------------
loss: 0.733420  [  128/188831]
loss: 0.801265  [65664/188831]
loss: 0.749451  [131200/188831]
Test Error: 
 Accuracy: 67.0%, Avg loss: 0.746907 
Epoch 32
-------------------------------
loss: 0.741018  [  128/188831]
loss: 0.813226  [65664/188831]
loss: 0.763185  [131200/188831]
Test Error: 
 Accuracy: 66.9%, Avg loss: 0.746920 
Epoch 33
-------------------------------
loss: 0.736754  [  128/188831]
loss: 0.809689  [65664/188831]
loss: 0.776834  [131200/188831]
Test Error: 
 Accuracy: 67.0%, Avg loss: 0.744677 
Epoch 34
-------------------------------
loss: 0.723545  [  128/188831]
loss: 0.809136  [65664/188831]
loss: 0.734540  [131200/188831]
Test Error: 
 Accuracy: 67.0%, Avg loss: 0.744036 
Epoch 35
-------------------------------
loss: 0.707337  [  128/188831]
loss: 0.808870  [65664/188831]
loss: 0.763036  [131200/188831]
Test Error: 
 Accuracy: 67.1%, Avg loss: 0.742514 
Epoch 36
-------------------------------
loss: 0.721252  [  128/188831]
loss: 0.818449  [65664/188831]
loss: 0.768602  [131200/188831]
Test Error: 
 Accuracy: 67.1%, Avg loss: 0.743632 
Epoch 37
-------------------------------
loss: 0.732277  [  128/188831]
loss: 0.792848  [65664/188831]
loss: 0.765451  [131200/188831]
Test Error: 
 Accuracy: 67.2%, Avg loss: 0.742362 
Epoch 38
-------------------------------
loss: 0.722726  [  128/188831]
loss: 0.787239  [65664/188831]
loss: 0.740327  [131200/188831]
Test Error: 
 Accuracy: 67.0%, Avg loss: 0.742262 
Epoch 39
-------------------------------
loss: 0.729909  [  128/188831]
loss: 0.810303  [65664/188831]
loss: 0.763876  [131200/188831]
Test Error: 
 Accuracy: 67.4%, Avg loss: 0.740802 
Epoch 40
-------------------------------
loss: 0.739652  [  128/188831]
loss: 0.791746  [65664/188831]
loss: 0.767227  [131200/188831]
Test Error: 
 Accuracy: 67.3%, Avg loss: 0.739327 
Epoch 41
-------------------------------
loss: 0.728063  [  128/188831]
loss: 0.800676  [65664/188831]
loss: 0.746537  [131200/188831]
Test Error: 
 Accuracy: 67.1%, Avg loss: 0.740364 
Epoch 42
-------------------------------
loss: 0.730195  [  128/188831]
loss: 0.816541  [65664/188831]
loss: 0.751072  [131200/188831]
Test Error: 
 Accuracy: 67.3%, Avg loss: 0.738339 
Epoch 43
-------------------------------
loss: 0.718218  [  128/188831]
loss: 0.790804  [65664/188831]
loss: 0.749191  [131200/188831]
Test Error: 
 Accuracy: 67.3%, Avg loss: 0.736892 
Epoch 44
-------------------------------
loss: 0.710610  [  128/188831]
loss: 0.783883  [65664/188831]
loss: 0.752298  [131200/188831]
Test Error: 
 Accuracy: 67.3%, Avg loss: 0.737339 
Epoch 45
-------------------------------
loss: 0.702394  [  128/188831]
loss: 0.799071  [65664/188831]
loss: 0.751732  [131200/188831]
Test Error: 
 Accuracy: 67.2%, Avg loss: 0.736424 
Epoch 46
-------------------------------
loss: 0.723342  [  128/188831]
loss: 0.803832  [65664/188831]
loss: 0.752143  [131200/188831]
Test Error: 
 Accuracy: 67.4%, Avg loss: 0.736185 
Epoch 47
-------------------------------
loss: 0.722666  [  128/188831]
loss: 0.814218  [65664/188831]
loss: 0.749705  [131200/188831]
Test Error: 
 Accuracy: 67.5%, Avg loss: 0.736065 
Epoch 48
-------------------------------
loss: 0.706522  [  128/188831]
loss: 0.794803  [65664/188831]
loss: 0.769609  [131200/188831]
Test Error: 
 Accuracy: 67.3%, Avg loss: 0.736095 
Epoch 49
-------------------------------
loss: 0.715447  [  128/188831]
loss: 0.823418  [65664/188831]
loss: 0.745414  [131200/188831]
Test Error: 
 Accuracy: 67.5%, Avg loss: 0.733902 
Epoch 50
-------------------------------
loss: 0.715980  [  128/188831]
loss: 0.801793  [65664/188831]
loss: 0.757219  [131200/188831]
Test Error: 
 Accuracy: 67.5%, Avg loss: 0.734473 
Epoch 51
-------------------------------
loss: 0.738242  [  128/188831]
loss: 0.779323  [65664/188831]
loss: 0.749496  [131200/188831]
Test Error: 
 Accuracy: 67.5%, Avg loss: 0.734102 
Epoch 52
-------------------------------
loss: 0.704366  [  128/188831]
loss: 0.783572  [65664/188831]
loss: 0.724710  [131200/188831]
Test Error: 
 Accuracy: 67.4%, Avg loss: 0.733580 
Epoch 53
-------------------------------
loss: 0.724045  [  128/188831]
loss: 0.797151  [65664/188831]
loss: 0.770124  [131200/188831]
Test Error: 
 Accuracy: 67.4%, Avg loss: 0.732462 
Epoch 54
-------------------------------
loss: 0.718856  [  128/188831]
loss: 0.791824  [65664/188831]
loss: 0.724980  [131200/188831]
Test Error: 
 Accuracy: 67.5%, Avg loss: 0.731858 
Epoch 55
-------------------------------
loss: 0.698263  [  128/188831]
loss: 0.796404  [65664/188831]
loss: 0.720218  [131200/188831]
Test Error: 
 Accuracy: 67.8%, Avg loss: 0.730939 
Epoch 56
-------------------------------
loss: 0.695024  [  128/188831]
loss: 0.801321  [65664/188831]
loss: 0.722072  [131200/188831]
Test Error: 
 Accuracy: 67.8%, Avg loss: 0.730578 
Epoch 57
-------------------------------
loss: 0.730636  [  128/188831]
loss: 0.790948  [65664/188831]
loss: 0.734871  [131200/188831]
Test Error: 
 Accuracy: 67.8%, Avg loss: 0.728578 
Epoch 58
-------------------------------
loss: 0.724636  [  128/188831]
loss: 0.823981  [65664/188831]
loss: 0.730829  [131200/188831]
Test Error: 
 Accuracy: 67.8%, Avg loss: 0.729073 
Epoch 59
-------------------------------
loss: 0.711400  [  128/188831]
loss: 0.768682  [65664/188831]
loss: 0.736476  [131200/188831]
Test Error: 
 Accuracy: 67.8%, Avg loss: 0.730538 
Epoch 60
-------------------------------
loss: 0.725729  [  128/188831]
loss: 0.792668  [65664/188831]
loss: 0.733327  [131200/188831]
Test Error: 
 Accuracy: 67.8%, Avg loss: 0.728359 
Epoch 61
-------------------------------
loss: 0.714470  [  128/188831]
loss: 0.791950  [65664/188831]
loss: 0.741525  [131200/188831]
Test Error: 
 Accuracy: 67.9%, Avg loss: 0.727267 
Epoch 62
-------------------------------
loss: 0.700842  [  128/188831]
loss: 0.798596  [65664/188831]
loss: 0.728651  [131200/188831]
Test Error: 
 Accuracy: 67.9%, Avg loss: 0.726518 
Epoch 63
-------------------------------
loss: 0.705913  [  128/188831]
loss: 0.799426  [65664/188831]
loss: 0.723268  [131200/188831]
Test Error: 
 Accuracy: 68.0%, Avg loss: 0.727699 
Epoch 64
-------------------------------
loss: 0.701712  [  128/188831]
loss: 0.787156  [65664/188831]
loss: 0.736204  [131200/188831]
Test Error: 
 Accuracy: 67.9%, Avg loss: 0.725618 
Epoch 65
-------------------------------
loss: 0.712997  [  128/188831]
loss: 0.806016  [65664/188831]
loss: 0.737444  [131200/188831]
Test Error: 
 Accuracy: 67.9%, Avg loss: 0.725593 
Epoch 66
-------------------------------
loss: 0.709293  [  128/188831]
loss: 0.785288  [65664/188831]
loss: 0.733558  [131200/188831]
Test Error: 
 Accuracy: 68.0%, Avg loss: 0.724701 
Epoch 67
-------------------------------
loss: 0.726969  [  128/188831]
loss: 0.782111  [65664/188831]
loss: 0.726563  [131200/188831]
Test Error: 
 Accuracy: 68.0%, Avg loss: 0.724718 
Epoch 68
-------------------------------
loss: 0.705554  [  128/188831]
loss: 0.779834  [65664/188831]
loss: 0.707731  [131200/188831]
Test Error: 
 Accuracy: 67.7%, Avg loss: 0.726903 
Epoch 69
-------------------------------
loss: 0.693959  [  128/188831]
loss: 0.804884  [65664/188831]
loss: 0.745577  [131200/188831]
Test Error: 
 Accuracy: 68.0%, Avg loss: 0.722962 
Epoch 70
-------------------------------
loss: 0.728706  [  128/188831]
loss: 0.774487  [65664/188831]
loss: 0.721453  [131200/188831]
Test Error: 
 Accuracy: 68.1%, Avg loss: 0.722463 
Epoch 71
-------------------------------
loss: 0.694769  [  128/188831]
loss: 0.783821  [65664/188831]
loss: 0.729122  [131200/188831]
Test Error: 
 Accuracy: 67.9%, Avg loss: 0.722484 
Epoch 72
-------------------------------
loss: 0.689126  [  128/188831]
loss: 0.793980  [65664/188831]
loss: 0.754217  [131200/188831]
Test Error: 
 Accuracy: 68.2%, Avg loss: 0.722539 
Epoch 73
-------------------------------
loss: 0.723171  [  128/188831]
loss: 0.779156  [65664/188831]
loss: 0.714552  [131200/188831]
Test Error: 
 Accuracy: 68.2%, Avg loss: 0.722498 
Epoch 74
-------------------------------
loss: 0.705959  [  128/188831]
loss: 0.776967  [65664/188831]
loss: 0.728181  [131200/188831]
Test Error: 
 Accuracy: 67.9%, Avg loss: 0.722389 
Epoch 75
-------------------------------
loss: 0.718631  [  128/188831]
loss: 0.772788  [65664/188831]
loss: 0.752312  [131200/188831]
Test Error: 
 Accuracy: 68.2%, Avg loss: 0.721257 
Epoch 76
-------------------------------
loss: 0.709654  [  128/188831]
loss: 0.789257  [65664/188831]
loss: 0.726576  [131200/188831]
Test Error: 
 Accuracy: 67.8%, Avg loss: 0.720960 
Epoch 77
-------------------------------
loss: 0.727392  [  128/188831]
loss: 0.771364  [65664/188831]
loss: 0.734819  [131200/188831]
Test Error: 
 Accuracy: 68.2%, Avg loss: 0.720184 
Epoch 78
-------------------------------
loss: 0.711060  [  128/188831]
loss: 0.780583  [65664/188831]
loss: 0.722839  [131200/188831]
Test Error: 
 Accuracy: 68.1%, Avg loss: 0.720920 
Epoch 79
-------------------------------
loss: 0.707468  [  128/188831]
loss: 0.787013  [65664/188831]
loss: 0.725356  [131200/188831]
Test Error: 
 Accuracy: 68.3%, Avg loss: 0.719243 
Epoch 80
-------------------------------
loss: 0.714023  [  128/188831]
loss: 0.794475  [65664/188831]
loss: 0.711598  [131200/188831]
Test Error: 
 Accuracy: 68.0%, Avg loss: 0.718678 
Epoch 81
-------------------------------
loss: 0.704783  [  128/188831]
loss: 0.789388  [65664/188831]
loss: 0.726208  [131200/188831]
Test Error: 
 Accuracy: 68.2%, Avg loss: 0.718403 
Epoch 82
-------------------------------
loss: 0.695224  [  128/188831]
loss: 0.781198  [65664/188831]
loss: 0.744999  [131200/188831]
Test Error: 
 Accuracy: 68.4%, Avg loss: 0.717884 
Epoch 83
-------------------------------
loss: 0.709844  [  128/188831]
loss: 0.781223  [65664/188831]
loss: 0.699425  [131200/188831]
Test Error: 
 Accuracy: 68.3%, Avg loss: 0.716372 
Epoch 84
-------------------------------
loss: 0.712251  [  128/188831]
loss: 0.780128  [65664/188831]
loss: 0.691755  [131200/188831]
Test Error: 
 Accuracy: 68.1%, Avg loss: 0.717128 
Epoch 85
-------------------------------
loss: 0.718902  [  128/188831]
loss: 0.781094  [65664/188831]
loss: 0.719157  [131200/188831]
Test Error: 
 Accuracy: 68.2%, Avg loss: 0.718100 
Epoch 86
-------------------------------
loss: 0.707024  [  128/188831]
loss: 0.773993  [65664/188831]
loss: 0.709528  [131200/188831]
Test Error: 
 Accuracy: 68.4%, Avg loss: 0.715092 
Epoch 87
-------------------------------
loss: 0.706155  [  128/188831]
loss: 0.799587  [65664/188831]
loss: 0.716080  [131200/188831]
Test Error: 
 Accuracy: 68.4%, Avg loss: 0.715552 
Epoch 88
-------------------------------
loss: 0.711062  [  128/188831]
loss: 0.788606  [65664/188831]
loss: 0.708490  [131200/188831]
Test Error: 
 Accuracy: 68.4%, Avg loss: 0.714079 
Epoch 89
-------------------------------
loss: 0.693634  [  128/188831]
loss: 0.783516  [65664/188831]
loss: 0.712474  [131200/188831]
Test Error: 
 Accuracy: 68.2%, Avg loss: 0.715652 
Epoch 90
-------------------------------
loss: 0.701256  [  128/188831]
loss: 0.813592  [65664/188831]
loss: 0.730233  [131200/188831]
Test Error: 
 Accuracy: 68.3%, Avg loss: 0.715308 
Epoch 91
-------------------------------
loss: 0.726449  [  128/188831]
loss: 0.775151  [65664/188831]
loss: 0.691782  [131200/188831]
Test Error: 
 Accuracy: 68.3%, Avg loss: 0.714807 
Epoch 92
-------------------------------
loss: 0.669894  [  128/188831]
loss: 0.776005  [65664/188831]
loss: 0.711662  [131200/188831]
Test Error: 
 Accuracy: 68.3%, Avg loss: 0.714196 
Epoch 93
-------------------------------
loss: 0.725232  [  128/188831]
loss: 0.780059  [65664/188831]
loss: 0.726011  [131200/188831]
Test Error: 
 Accuracy: 68.3%, Avg loss: 0.714335 
Epoch 94
-------------------------------
loss: 0.711286  [  128/188831]
loss: 0.761642  [65664/188831]
loss: 0.708469  [131200/188831]
Test Error: 
 Accuracy: 68.5%, Avg loss: 0.714256 
Epoch 95
-------------------------------
loss: 0.723201  [  128/188831]
loss: 0.765656  [65664/188831]
loss: 0.728003  [131200/188831]
Test Error: 
 Accuracy: 68.6%, Avg loss: 0.710959 
Epoch 96
-------------------------------
loss: 0.706281  [  128/188831]
loss: 0.783208  [65664/188831]
loss: 0.716082  [131200/188831]
Test Error: 
 Accuracy: 68.5%, Avg loss: 0.711728 
Epoch 97
-------------------------------
loss: 0.716731  [  128/188831]
loss: 0.806355  [65664/188831]
loss: 0.715182  [131200/188831]
Test Error: 
 Accuracy: 68.6%, Avg loss: 0.710807 
Epoch 98
-------------------------------
loss: 0.692190  [  128/188831]
loss: 0.769492  [65664/188831]
loss: 0.719173  [131200/188831]
Test Error: 
 Accuracy: 68.7%, Avg loss: 0.711376 
Epoch 99
-------------------------------
loss: 0.714490  [  128/188831]
loss: 0.760355  [65664/188831]
loss: 0.724437  [131200/188831]
Test Error: 
 Accuracy: 68.5%, Avg loss: 0.711598 
Epoch 100
-------------------------------
loss: 0.674679  [  128/188831]
loss: 0.771125  [65664/188831]
loss: 0.720566  [131200/188831]
Test Error: 
 Accuracy: 68.6%, Avg loss: 0.710326 
Epoch 101
-------------------------------
loss: 0.698798  [  128/188831]
loss: 0.754780  [65664/188831]
loss: 0.716661  [131200/188831]
Test Error: 
 Accuracy: 68.5%, Avg loss: 0.710374 
Epoch 102
-------------------------------
loss: 0.706896  [  128/188831]
loss: 0.777930  [65664/188831]
loss: 0.692589  [131200/188831]
Test Error: 
 Accuracy: 68.4%, Avg loss: 0.709767 
Epoch 103
-------------------------------
loss: 0.707258  [  128/188831]
loss: 0.783340  [65664/188831]
loss: 0.721789  [131200/188831]
Test Error: 
 Accuracy: 68.8%, Avg loss: 0.708937 
Epoch 104
-------------------------------
loss: 0.676735  [  128/188831]
loss: 0.785219  [65664/188831]
loss: 0.708519  [131200/188831]
Test Error: 
 Accuracy: 68.6%, Avg loss: 0.708470 
Epoch 105
-------------------------------
loss: 0.712471  [  128/188831]
loss: 0.792007  [65664/188831]
loss: 0.707844  [131200/188831]
Test Error: 
 Accuracy: 68.7%, Avg loss: 0.709713 
Epoch 106
-------------------------------
loss: 0.707722  [  128/188831]
loss: 0.753536  [65664/188831]
loss: 0.709826  [131200/188831]
Test Error: 
 Accuracy: 68.8%, Avg loss: 0.707851 
Epoch 107
-------------------------------
loss: 0.709856  [  128/188831]
loss: 0.779871  [65664/188831]
loss: 0.687103  [131200/188831]
Test Error: 
 Accuracy: 68.7%, Avg loss: 0.707879 
Epoch 108
-------------------------------
loss: 0.688111  [  128/188831]
loss: 0.775973  [65664/188831]
loss: 0.702198  [131200/188831]
Test Error: 
 Accuracy: 68.8%, Avg loss: 0.707961 
Epoch 109
-------------------------------
loss: 0.678210  [  128/188831]
loss: 0.768318  [65664/188831]
loss: 0.702251  [131200/188831]
Test Error: 
 Accuracy: 68.8%, Avg loss: 0.706776 
Epoch 110
-------------------------------
loss: 0.688854  [  128/188831]
loss: 0.766412  [65664/188831]
loss: 0.693311  [131200/188831]
Test Error: 
 Accuracy: 68.8%, Avg loss: 0.706903 
Epoch 111
-------------------------------
loss: 0.688356  [  128/188831]
loss: 0.790227  [65664/188831]
loss: 0.690343  [131200/188831]
Test Error: 
 Accuracy: 68.7%, Avg loss: 0.706883 
Epoch 112
-------------------------------
loss: 0.696071  [  128/188831]
loss: 0.760441  [65664/188831]
loss: 0.717984  [131200/188831]
Test Error: 
 Accuracy: 68.8%, Avg loss: 0.707831 
Epoch 113
-------------------------------
loss: 0.689437  [  128/188831]
loss: 0.782353  [65664/188831]
loss: 0.690226  [131200/188831]
Test Error: 
 Accuracy: 68.8%, Avg loss: 0.705962 
Epoch 114
-------------------------------
loss: 0.713314  [  128/188831]
loss: 0.747441  [65664/188831]
loss: 0.716099  [131200/188831]
Test Error: 
 Accuracy: 68.8%, Avg loss: 0.703814 
Epoch 115
-------------------------------
loss: 0.697126  [  128/188831]
loss: 0.787257  [65664/188831]
loss: 0.687312  [131200/188831]
Test Error: 
 Accuracy: 68.7%, Avg loss: 0.704754 
Epoch 116
-------------------------------
loss: 0.704830  [  128/188831]
loss: 0.761896  [65664/188831]
loss: 0.707932  [131200/188831]
Test Error: 
 Accuracy: 68.8%, Avg loss: 0.704744 
Epoch 117
-------------------------------
loss: 0.672506  [  128/188831]
loss: 0.750211  [65664/188831]
loss: 0.708617  [131200/188831]
Test Error: 
 Accuracy: 68.9%, Avg loss: 0.704794 
Epoch 118
-------------------------------
loss: 0.678367  [  128/188831]
loss: 0.769909  [65664/188831]
loss: 0.707525  [131200/188831]
Test Error: 
 Accuracy: 69.0%, Avg loss: 0.701891 
Epoch 119
-------------------------------
loss: 0.683269  [  128/188831]
loss: 0.752571  [65664/188831]
loss: 0.710309  [131200/188831]
Test Error: 
 Accuracy: 68.9%, Avg loss: 0.704169 
Epoch 120
-------------------------------
loss: 0.708815  [  128/188831]
loss: 0.765240  [65664/188831]
loss: 0.681206  [131200/188831]
Test Error: 
 Accuracy: 68.8%, Avg loss: 0.703139 
Epoch 121
-------------------------------
loss: 0.691604  [  128/188831]
loss: 0.752355  [65664/188831]
loss: 0.681033  [131200/188831]
Test Error: 
 Accuracy: 69.1%, Avg loss: 0.702967 
Epoch 122
-------------------------------
loss: 0.709576  [  128/188831]
loss: 0.781281  [65664/188831]
loss: 0.700935  [131200/188831]
Test Error: 
 Accuracy: 69.0%, Avg loss: 0.703953 
Epoch 123
-------------------------------
loss: 0.710026  [  128/188831]
loss: 0.722991  [65664/188831]
loss: 0.703443  [131200/188831]
Test Error: 
 Accuracy: 69.0%, Avg loss: 0.702484 
Epoch 124
-------------------------------
loss: 0.708321  [  128/188831]
loss: 0.743554  [65664/188831]
loss: 0.712596  [131200/188831]
Test Error: 
 Accuracy: 69.0%, Avg loss: 0.702424 
Epoch 125
-------------------------------
loss: 0.693816  [  128/188831]
loss: 0.751332  [65664/188831]
loss: 0.696412  [131200/188831]
Test Error: 
 Accuracy: 69.0%, Avg loss: 0.701104 
Epoch 126
-------------------------------
loss: 0.690936  [  128/188831]
loss: 0.750483  [65664/188831]
loss: 0.654564  [131200/188831]
Test Error: 
 Accuracy: 69.3%, Avg loss: 0.698665 
Epoch 127
-------------------------------
loss: 0.681524  [  128/188831]
loss: 0.734562  [65664/188831]
loss: 0.692848  [131200/188831]
Test Error: 
 Accuracy: 69.1%, Avg loss: 0.699133 
Epoch 128
-------------------------------
loss: 0.706059  [  128/188831]
loss: 0.755269  [65664/188831]
loss: 0.710248  [131200/188831]
Test Error: 
 Accuracy: 69.1%, Avg loss: 0.699532 

Done!
